2023-09-16 14:31:56.321 INFO  org.hibernate.validator.internal.util.Version     :21   [32m                  [0;39m HV000001: Hibernate Validator 8.0.0.Final
2023-09-16 14:31:56.339 INFO  com.jiawa.train.member.MemberApplication          :51   [32m                  [0;39m Starting MemberApplication using Java 17.0.5 with PID 67641 (/Users/suyuzhou/project/springboot/train/member/target/classes started by suyuzhou in /Users/suyuzhou/project/springboot/train)
2023-09-16 14:31:56.340 INFO  com.jiawa.train.member.MemberApplication          :630  [32m                  [0;39m No active profile set, falling back to 1 default profile: "default"
2023-09-16 14:31:56.359 INFO  o.s.b.d.env.DevToolsPropertyDefaultsPostProcessor :250  [32m                  [0;39m Devtools property defaults active! Set 'spring.devtools.add-properties' to 'false' to disable
2023-09-16 14:31:56.359 INFO  o.s.b.d.env.DevToolsPropertyDefaultsPostProcessor :250  [32m                  [0;39m For additional web related logging consider setting the 'logging.level.web' property to 'DEBUG'
2023-09-16 14:31:56.749 WARN  org.mybatis.spring.mapper.ClassPathMapperScanner  :44   [32m                  [0;39m No MyBatis mapper was found in '[com.jiawa.train.*.mapper]' package. Please check your configuration.
2023-09-16 14:31:56.782 INFO  o.springframework.cloud.context.scope.GenericScope:282  [32m                  [0;39m BeanFactory id=432297ab-6075-323e-b8b5-ef38b79d824e
2023-09-16 14:31:57.020 INFO  o.s.boot.web.embedded.tomcat.TomcatWebServer      :114  [32m                  [0;39m Tomcat initialized with port(s): 8001 (http)
2023-09-16 14:31:57.024 INFO  org.apache.coyote.http11.Http11NioProtocol        :173  [32m                  [0;39m Initializing ProtocolHandler ["http-nio-8001"]
2023-09-16 14:31:57.024 INFO  org.apache.catalina.core.StandardService          :173  [32m                  [0;39m Starting service [Tomcat]
2023-09-16 14:31:57.025 INFO  org.apache.catalina.core.StandardEngine           :173  [32m                  [0;39m Starting Servlet engine: [Apache Tomcat/10.1.1]
2023-09-16 14:31:57.048 INFO  o.a.c.c.C.[Tomcat].[localhost].[/member]          :173  [32m                  [0;39m Initializing Spring embedded WebApplicationContext
2023-09-16 14:31:57.049 INFO  o.s.b.w.s.c.ServletWebServerApplicationContext    :291  [32m                  [0;39m Root WebApplicationContext: initialization completed in 689 ms
2023-09-16 14:31:57.222 WARN  o.s.b.w.s.c.AnnotationConfigServletWebServerApplicationContext:592  [32m                  [0;39m Exception encountered during context initialization - cancelling refresh attempt: org.springframework.beans.factory.BeanCreationException: Error creating bean with name 'sqlSessionFactory' defined in class path resource [org/mybatis/spring/boot/autoconfigure/MybatisAutoConfiguration.class]: Failed to instantiate [org.apache.ibatis.session.SqlSessionFactory]: Factory method 'sqlSessionFactory' threw exception with message: Failed to parse mapping resource: 'file [/Users/suyuzhou/project/springboot/train/member/target/classes/mapper/MemberMapper.xml]'
2023-09-16 14:31:57.224 INFO  org.apache.catalina.core.StandardService          :173  [32m                  [0;39m Stopping service [Tomcat]
2023-09-16 14:31:57.231 INFO  o.s.b.a.logging.ConditionEvaluationReportLogger   :82   [32m                  [0;39m 

Error starting ApplicationContext. To display the condition evaluation report re-run your application with 'debug' enabled.
2023-09-16 14:31:57.240 ERROR org.springframework.boot.SpringApplication        :820  [32m                  [0;39m Application run failed
org.springframework.beans.factory.BeanCreationException: Error creating bean with name 'sqlSessionFactory' defined in class path resource [org/mybatis/spring/boot/autoconfigure/MybatisAutoConfiguration.class]: Failed to instantiate [org.apache.ibatis.session.SqlSessionFactory]: Factory method 'sqlSessionFactory' threw exception with message: Failed to parse mapping resource: 'file [/Users/suyuzhou/project/springboot/train/member/target/classes/mapper/MemberMapper.xml]'
	at org.springframework.beans.factory.support.ConstructorResolver.instantiate(ConstructorResolver.java:652)
	at org.springframework.beans.factory.support.ConstructorResolver.instantiateUsingFactoryMethod(ConstructorResolver.java:640)
	at org.springframework.beans.factory.support.AbstractAutowireCapableBeanFactory.instantiateUsingFactoryMethod(AbstractAutowireCapableBeanFactory.java:1324)
	at org.springframework.beans.factory.support.AbstractAutowireCapableBeanFactory.createBeanInstance(AbstractAutowireCapableBeanFactory.java:1161)
	at org.springframework.beans.factory.support.AbstractAutowireCapableBeanFactory.doCreateBean(AbstractAutowireCapableBeanFactory.java:561)
	at org.springframework.beans.factory.support.AbstractAutowireCapableBeanFactory.createBean(AbstractAutowireCapableBeanFactory.java:521)
	at org.springframework.beans.factory.support.AbstractBeanFactory.lambda$doGetBean$0(AbstractBeanFactory.java:326)
	at org.springframework.beans.factory.support.DefaultSingletonBeanRegistry.getSingleton(DefaultSingletonBeanRegistry.java:234)
	at org.springframework.beans.factory.support.AbstractBeanFactory.doGetBean(AbstractBeanFactory.java:324)
	at org.springframework.beans.factory.support.AbstractBeanFactory.getBean(AbstractBeanFactory.java:200)
	at org.springframework.beans.factory.support.DefaultListableBeanFactory.preInstantiateSingletons(DefaultListableBeanFactory.java:961)
	at org.springframework.context.support.AbstractApplicationContext.finishBeanFactoryInitialization(AbstractApplicationContext.java:915)
	at org.springframework.context.support.AbstractApplicationContext.refresh(AbstractApplicationContext.java:584)
	at org.springframework.boot.web.servlet.context.ServletWebServerApplicationContext.refresh(ServletWebServerApplicationContext.java:146)
	at org.springframework.boot.SpringApplication.refresh(SpringApplication.java:730)
	at org.springframework.boot.SpringApplication.refreshContext(SpringApplication.java:432)
	at org.springframework.boot.SpringApplication.run(SpringApplication.java:308)
	at com.jiawa.train.member.MemberApplication.main(MemberApplication.java:19)
	at java.base/jdk.internal.reflect.NativeMethodAccessorImpl.invoke0(Native Method)
	at java.base/jdk.internal.reflect.NativeMethodAccessorImpl.invoke(NativeMethodAccessorImpl.java:77)
	at java.base/jdk.internal.reflect.DelegatingMethodAccessorImpl.invoke(DelegatingMethodAccessorImpl.java:43)
	at java.base/java.lang.reflect.Method.invoke(Method.java:568)
	at org.springframework.boot.devtools.restart.RestartLauncher.run(RestartLauncher.java:49)
Caused by: org.springframework.beans.BeanInstantiationException: Failed to instantiate [org.apache.ibatis.session.SqlSessionFactory]: Factory method 'sqlSessionFactory' threw exception with message: Failed to parse mapping resource: 'file [/Users/suyuzhou/project/springboot/train/member/target/classes/mapper/MemberMapper.xml]'
	at org.springframework.beans.factory.support.SimpleInstantiationStrategy.instantiate(SimpleInstantiationStrategy.java:171)
	at org.springframework.beans.factory.support.ConstructorResolver.instantiate(ConstructorResolver.java:648)
	... 22 common frames omitted
Caused by: java.io.IOException: Failed to parse mapping resource: 'file [/Users/suyuzhou/project/springboot/train/member/target/classes/mapper/MemberMapper.xml]'
	at org.mybatis.spring.SqlSessionFactoryBean.buildSqlSessionFactory(SqlSessionFactoryBean.java:615)
	at org.mybatis.spring.SqlSessionFactoryBean.afterPropertiesSet(SqlSessionFactoryBean.java:492)
	at org.mybatis.spring.SqlSessionFactoryBean.getObject(SqlSessionFactoryBean.java:635)
	at org.mybatis.spring.boot.autoconfigure.MybatisAutoConfiguration.sqlSessionFactory(MybatisAutoConfiguration.java:189)
	at org.mybatis.spring.boot.autoconfigure.MybatisAutoConfiguration$$SpringCGLIB$$0.CGLIB$sqlSessionFactory$2(<generated>)
	at org.mybatis.spring.boot.autoconfigure.MybatisAutoConfiguration$$SpringCGLIB$$2.invoke(<generated>)
	at org.springframework.cglib.proxy.MethodProxy.invokeSuper(MethodProxy.java:257)
	at org.springframework.context.annotation.ConfigurationClassEnhancer$BeanMethodInterceptor.intercept(ConfigurationClassEnhancer.java:331)
	at org.mybatis.spring.boot.autoconfigure.MybatisAutoConfiguration$$SpringCGLIB$$0.sqlSessionFactory(<generated>)
	at java.base/jdk.internal.reflect.NativeMethodAccessorImpl.invoke0(Native Method)
	at java.base/jdk.internal.reflect.NativeMethodAccessorImpl.invoke(NativeMethodAccessorImpl.java:77)
	at java.base/jdk.internal.reflect.DelegatingMethodAccessorImpl.invoke(DelegatingMethodAccessorImpl.java:43)
	at java.base/java.lang.reflect.Method.invoke(Method.java:568)
	at org.springframework.beans.factory.support.SimpleInstantiationStrategy.instantiate(SimpleInstantiationStrategy.java:139)
	... 23 common frames omitted
Caused by: org.apache.ibatis.builder.BuilderException: Error parsing Mapper XML. The XML location is 'file [/Users/suyuzhou/project/springboot/train/member/target/classes/mapper/MemberMapper.xml]'. Cause: org.apache.ibatis.builder.BuilderException: Error resolving class. Cause: org.apache.ibatis.type.TypeException: Could not resolve type alias 'com.jiawa.train.member.domain.Member'.  Cause: java.lang.ClassNotFoundException: Cannot find class: com.jiawa.train.member.domain.Member
	at org.apache.ibatis.builder.xml.XMLMapperBuilder.configurationElement(XMLMapperBuilder.java:123)
	at org.apache.ibatis.builder.xml.XMLMapperBuilder.parse(XMLMapperBuilder.java:95)
	at org.mybatis.spring.SqlSessionFactoryBean.buildSqlSessionFactory(SqlSessionFactoryBean.java:613)
	... 36 common frames omitted
Caused by: org.apache.ibatis.builder.BuilderException: Error resolving class. Cause: org.apache.ibatis.type.TypeException: Could not resolve type alias 'com.jiawa.train.member.domain.Member'.  Cause: java.lang.ClassNotFoundException: Cannot find class: com.jiawa.train.member.domain.Member
	at org.apache.ibatis.builder.BaseBuilder.resolveClass(BaseBuilder.java:118)
	at org.apache.ibatis.builder.xml.XMLMapperBuilder.resultMapElement(XMLMapperBuilder.java:263)
	at org.apache.ibatis.builder.xml.XMLMapperBuilder.resultMapElement(XMLMapperBuilder.java:254)
	at org.apache.ibatis.builder.xml.XMLMapperBuilder.resultMapElements(XMLMapperBuilder.java:246)
	at org.apache.ibatis.builder.xml.XMLMapperBuilder.configurationElement(XMLMapperBuilder.java:119)
	... 38 common frames omitted
Caused by: org.apache.ibatis.type.TypeException: Could not resolve type alias 'com.jiawa.train.member.domain.Member'.  Cause: java.lang.ClassNotFoundException: Cannot find class: com.jiawa.train.member.domain.Member
	at org.apache.ibatis.type.TypeAliasRegistry.resolveAlias(TypeAliasRegistry.java:128)
	at org.apache.ibatis.builder.BaseBuilder.resolveAlias(BaseBuilder.java:149)
	at org.apache.ibatis.builder.BaseBuilder.resolveClass(BaseBuilder.java:116)
	... 42 common frames omitted
Caused by: java.lang.ClassNotFoundException: Cannot find class: com.jiawa.train.member.domain.Member
	at org.apache.ibatis.io.ClassLoaderWrapper.classForName(ClassLoaderWrapper.java:196)
	at org.apache.ibatis.io.ClassLoaderWrapper.classForName(ClassLoaderWrapper.java:89)
	at org.apache.ibatis.io.Resources.classForName(Resources.java:261)
	at org.apache.ibatis.type.TypeAliasRegistry.resolveAlias(TypeAliasRegistry.java:124)
	... 44 common frames omitted
2023-09-16 14:36:05.979 INFO  org.hibernate.validator.internal.util.Version     :21   [32m                  [0;39m HV000001: Hibernate Validator 8.0.0.Final
2023-09-16 14:36:05.999 INFO  com.jiawa.train.member.MemberApplication          :51   [32m                  [0;39m Starting MemberApplication using Java 17.0.5 with PID 67794 (/Users/suyuzhou/project/springboot/train/member/target/classes started by suyuzhou in /Users/suyuzhou/project/springboot/train)
2023-09-16 14:36:05.999 INFO  com.jiawa.train.member.MemberApplication          :630  [32m                  [0;39m No active profile set, falling back to 1 default profile: "default"
2023-09-16 14:36:06.019 INFO  o.s.b.d.env.DevToolsPropertyDefaultsPostProcessor :250  [32m                  [0;39m Devtools property defaults active! Set 'spring.devtools.add-properties' to 'false' to disable
2023-09-16 14:36:06.020 INFO  o.s.b.d.env.DevToolsPropertyDefaultsPostProcessor :250  [32m                  [0;39m For additional web related logging consider setting the 'logging.level.web' property to 'DEBUG'
2023-09-16 14:36:06.499 INFO  o.springframework.cloud.context.scope.GenericScope:282  [32m                  [0;39m BeanFactory id=e79e2d74-e122-35d4-9b95-98de6f5fd2fe
2023-09-16 14:36:06.753 INFO  o.s.boot.web.embedded.tomcat.TomcatWebServer      :114  [32m                  [0;39m Tomcat initialized with port(s): 8001 (http)
2023-09-16 14:36:06.757 INFO  org.apache.coyote.http11.Http11NioProtocol        :173  [32m                  [0;39m Initializing ProtocolHandler ["http-nio-8001"]
2023-09-16 14:36:06.758 INFO  org.apache.catalina.core.StandardService          :173  [32m                  [0;39m Starting service [Tomcat]
2023-09-16 14:36:06.758 INFO  org.apache.catalina.core.StandardEngine           :173  [32m                  [0;39m Starting Servlet engine: [Apache Tomcat/10.1.1]
2023-09-16 14:36:06.785 INFO  o.a.c.c.C.[Tomcat].[localhost].[/member]          :173  [32m                  [0;39m Initializing Spring embedded WebApplicationContext
2023-09-16 14:36:06.786 INFO  o.s.b.w.s.c.ServletWebServerApplicationContext    :291  [32m                  [0;39m Root WebApplicationContext: initialization completed in 766 ms
2023-09-16 14:36:06.810 WARN  o.s.b.w.s.c.AnnotationConfigServletWebServerApplicationContext:592  [32m                  [0;39m Exception encountered during context initialization - cancelling refresh attempt: org.springframework.beans.factory.BeanCreationException: Error creating bean with name 'springMvcConfig': Injection of resource dependencies failed
2023-09-16 14:36:06.811 INFO  org.apache.catalina.core.StandardService          :173  [32m                  [0;39m Stopping service [Tomcat]
2023-09-16 14:36:06.819 INFO  o.s.b.a.logging.ConditionEvaluationReportLogger   :82   [32m                  [0;39m 

Error starting ApplicationContext. To display the condition evaluation report re-run your application with 'debug' enabled.
2023-09-16 14:36:06.830 ERROR o.s.b.diagnostics.LoggingFailureAnalysisReporter  :40   [32m                  [0;39m 

***************************
APPLICATION FAILED TO START
***************************

Description:

A component required a bean of type 'com.jiawa.train.common.interceptor.LogInterceptor' that could not be found.


Action:

Consider defining a bean of type 'com.jiawa.train.common.interceptor.LogInterceptor' in your configuration.

2023-09-16 14:36:56.063 INFO  org.hibernate.validator.internal.util.Version     :21   [32m                  [0;39m HV000001: Hibernate Validator 8.0.0.Final
2023-09-16 14:36:56.079 INFO  com.jiawa.train.member.MemberApplication          :51   [32m                  [0;39m Starting MemberApplication using Java 17.0.5 with PID 67802 (/Users/suyuzhou/project/springboot/train/member/target/classes started by suyuzhou in /Users/suyuzhou/project/springboot/train)
2023-09-16 14:36:56.080 INFO  com.jiawa.train.member.MemberApplication          :630  [32m                  [0;39m No active profile set, falling back to 1 default profile: "default"
2023-09-16 14:36:56.099 INFO  o.s.b.d.env.DevToolsPropertyDefaultsPostProcessor :250  [32m                  [0;39m Devtools property defaults active! Set 'spring.devtools.add-properties' to 'false' to disable
2023-09-16 14:36:56.100 INFO  o.s.b.d.env.DevToolsPropertyDefaultsPostProcessor :250  [32m                  [0;39m For additional web related logging consider setting the 'logging.level.web' property to 'DEBUG'
2023-09-16 14:36:56.427 INFO  o.springframework.cloud.context.scope.GenericScope:282  [32m                  [0;39m BeanFactory id=e79e2d74-e122-35d4-9b95-98de6f5fd2fe
2023-09-16 14:36:56.814 INFO  o.s.boot.web.embedded.tomcat.TomcatWebServer      :114  [32m                  [0;39m Tomcat initialized with port(s): 8001 (http)
2023-09-16 14:36:56.818 INFO  org.apache.coyote.http11.Http11NioProtocol        :173  [32m                  [0;39m Initializing ProtocolHandler ["http-nio-8001"]
2023-09-16 14:36:56.818 INFO  org.apache.catalina.core.StandardService          :173  [32m                  [0;39m Starting service [Tomcat]
2023-09-16 14:36:56.818 INFO  org.apache.catalina.core.StandardEngine           :173  [32m                  [0;39m Starting Servlet engine: [Apache Tomcat/10.1.1]
2023-09-16 14:36:56.844 INFO  o.a.c.c.C.[Tomcat].[localhost].[/member]          :173  [32m                  [0;39m Initializing Spring embedded WebApplicationContext
2023-09-16 14:36:56.845 INFO  o.s.b.w.s.c.ServletWebServerApplicationContext    :291  [32m                  [0;39m Root WebApplicationContext: initialization completed in 745 ms
2023-09-16 14:36:56.870 WARN  o.s.b.w.s.c.AnnotationConfigServletWebServerApplicationContext:592  [32m                  [0;39m Exception encountered during context initialization - cancelling refresh attempt: org.springframework.beans.factory.BeanCreationException: Error creating bean with name 'springMvcConfig': Injection of resource dependencies failed
2023-09-16 14:36:56.872 INFO  org.apache.catalina.core.StandardService          :173  [32m                  [0;39m Stopping service [Tomcat]
2023-09-16 14:36:56.879 INFO  o.s.b.a.logging.ConditionEvaluationReportLogger   :82   [32m                  [0;39m 

Error starting ApplicationContext. To display the condition evaluation report re-run your application with 'debug' enabled.
2023-09-16 14:36:56.890 ERROR o.s.b.diagnostics.LoggingFailureAnalysisReporter  :40   [32m                  [0;39m 

***************************
APPLICATION FAILED TO START
***************************

Description:

A component required a bean of type 'com.jiawa.train.common.interceptor.LogInterceptor' that could not be found.


Action:

Consider defining a bean of type 'com.jiawa.train.common.interceptor.LogInterceptor' in your configuration.

2023-09-16 14:37:47.375 INFO  org.hibernate.validator.internal.util.Version     :21   [32m                  [0;39m HV000001: Hibernate Validator 8.0.0.Final
2023-09-16 14:37:47.395 INFO  com.jiawa.train.member.MemberApplication          :51   [32m                  [0;39m Starting MemberApplication using Java 17.0.5 with PID 67859 (/Users/suyuzhou/project/springboot/train/member/target/classes started by suyuzhou in /Users/suyuzhou/project/springboot/train)
2023-09-16 14:37:47.395 INFO  com.jiawa.train.member.MemberApplication          :630  [32m                  [0;39m No active profile set, falling back to 1 default profile: "default"
2023-09-16 14:37:47.416 INFO  o.s.b.d.env.DevToolsPropertyDefaultsPostProcessor :250  [32m                  [0;39m Devtools property defaults active! Set 'spring.devtools.add-properties' to 'false' to disable
2023-09-16 14:37:47.416 INFO  o.s.b.d.env.DevToolsPropertyDefaultsPostProcessor :250  [32m                  [0;39m For additional web related logging consider setting the 'logging.level.web' property to 'DEBUG'
2023-09-16 14:37:47.779 INFO  o.springframework.cloud.context.scope.GenericScope:282  [32m                  [0;39m BeanFactory id=e79e2d74-e122-35d4-9b95-98de6f5fd2fe
2023-09-16 14:37:48.042 INFO  o.s.boot.web.embedded.tomcat.TomcatWebServer      :114  [32m                  [0;39m Tomcat initialized with port(s): 8001 (http)
2023-09-16 14:37:48.046 INFO  org.apache.coyote.http11.Http11NioProtocol        :173  [32m                  [0;39m Initializing ProtocolHandler ["http-nio-8001"]
2023-09-16 14:37:48.047 INFO  org.apache.catalina.core.StandardService          :173  [32m                  [0;39m Starting service [Tomcat]
2023-09-16 14:37:48.047 INFO  org.apache.catalina.core.StandardEngine           :173  [32m                  [0;39m Starting Servlet engine: [Apache Tomcat/10.1.1]
2023-09-16 14:37:48.072 INFO  o.a.c.c.C.[Tomcat].[localhost].[/member]          :173  [32m                  [0;39m Initializing Spring embedded WebApplicationContext
2023-09-16 14:37:48.073 INFO  o.s.b.w.s.c.ServletWebServerApplicationContext    :291  [32m                  [0;39m Root WebApplicationContext: initialization completed in 657 ms
2023-09-16 14:37:48.097 WARN  o.s.b.w.s.c.AnnotationConfigServletWebServerApplicationContext:592  [32m                  [0;39m Exception encountered during context initialization - cancelling refresh attempt: org.springframework.beans.factory.BeanCreationException: Error creating bean with name 'springMvcConfig': Injection of resource dependencies failed
2023-09-16 14:37:48.098 INFO  org.apache.catalina.core.StandardService          :173  [32m                  [0;39m Stopping service [Tomcat]
2023-09-16 14:37:48.107 INFO  o.s.b.a.logging.ConditionEvaluationReportLogger   :82   [32m                  [0;39m 

Error starting ApplicationContext. To display the condition evaluation report re-run your application with 'debug' enabled.
2023-09-16 14:37:48.118 ERROR o.s.b.diagnostics.LoggingFailureAnalysisReporter  :40   [32m                  [0;39m 

***************************
APPLICATION FAILED TO START
***************************

Description:

A component required a bean of type 'com.jiawa.train.common.interceptor.LogInterceptor' that could not be found.


Action:

Consider defining a bean of type 'com.jiawa.train.common.interceptor.LogInterceptor' in your configuration.

2023-09-16 14:38:58.562 INFO  org.hibernate.validator.internal.util.Version     :21   [32m                  [0;39m HV000001: Hibernate Validator 8.0.0.Final
2023-09-16 14:38:58.660 INFO  com.jiawa.train.member.MemberApplication          :51   [32m                  [0;39m Starting MemberApplication using Java 17.0.5 with PID 67867 (/Users/suyuzhou/project/springboot/train/member/target/classes started by suyuzhou in /Users/suyuzhou/project/springboot/train)
2023-09-16 14:38:58.660 INFO  com.jiawa.train.member.MemberApplication          :630  [32m                  [0;39m No active profile set, falling back to 1 default profile: "default"
2023-09-16 14:38:58.681 INFO  o.s.b.d.env.DevToolsPropertyDefaultsPostProcessor :250  [32m                  [0;39m Devtools property defaults active! Set 'spring.devtools.add-properties' to 'false' to disable
2023-09-16 14:38:58.682 INFO  o.s.b.d.env.DevToolsPropertyDefaultsPostProcessor :250  [32m                  [0;39m For additional web related logging consider setting the 'logging.level.web' property to 'DEBUG'
2023-09-16 14:38:59.030 INFO  o.springframework.cloud.context.scope.GenericScope:282  [32m                  [0;39m BeanFactory id=f4f35b55-1c2f-373c-83b0-0b94371e8984
2023-09-16 14:38:59.350 INFO  o.s.boot.web.embedded.tomcat.TomcatWebServer      :114  [32m                  [0;39m Tomcat initialized with port(s): 8001 (http)
2023-09-16 14:38:59.355 INFO  org.apache.coyote.http11.Http11NioProtocol        :173  [32m                  [0;39m Initializing ProtocolHandler ["http-nio-8001"]
2023-09-16 14:38:59.355 INFO  org.apache.catalina.core.StandardService          :173  [32m                  [0;39m Starting service [Tomcat]
2023-09-16 14:38:59.355 INFO  org.apache.catalina.core.StandardEngine           :173  [32m                  [0;39m Starting Servlet engine: [Apache Tomcat/10.1.1]
2023-09-16 14:38:59.380 INFO  o.a.c.c.C.[Tomcat].[localhost].[/member]          :173  [32m                  [0;39m Initializing Spring embedded WebApplicationContext
2023-09-16 14:38:59.380 INFO  o.s.b.w.s.c.ServletWebServerApplicationContext    :291  [32m                  [0;39m Root WebApplicationContext: initialization completed in 698 ms
2023-09-16 14:38:59.817 WARN  o.s.core.LocalVariableTableParameterNameDiscoverer:123  [32m                  [0;39m Using deprecated '-debug' fallback for parameter name resolution. Compile the affected code with '-parameters' instead or avoid its introspection: com.github.pagehelper.autoconfigure.PageHelperStandardProperties
2023-09-16 14:38:59.898 WARN  o.s.b.d.autoconfigure.OptionalLiveReloadServer    :62   [32m                  [0;39m Unable to start LiveReload server
2023-09-16 14:38:59.929 INFO  org.apache.coyote.http11.Http11NioProtocol        :173  [32m                  [0;39m Starting ProtocolHandler ["http-nio-8001"]
2023-09-16 14:38:59.937 INFO  o.s.boot.web.embedded.tomcat.TomcatWebServer      :226  [32m                  [0;39m Tomcat started on port(s): 8001 (http) with context path '/member'
2023-09-16 14:38:59.944 INFO  com.jiawa.train.member.MemberApplication          :57   [32m                  [0;39m Started MemberApplication in 1.559 seconds (process running for 1.961)
2023-09-16 14:38:59.945 INFO  com.jiawa.train.member.MemberApplication          :19   [32m                  [0;39m 启动成功！！
2023-09-16 14:38:59.946 INFO  com.jiawa.train.member.MemberApplication          :20   [32m                  [0;39m 测试地址: 	http://127.0.0.1:8001/member/hello
2023-09-16 14:48:25.764 INFO  org.hibernate.validator.internal.util.Version     :21   [32m                  [0;39m HV000001: Hibernate Validator 8.0.0.Final
2023-09-16 14:48:25.782 INFO  com.jiawa.train.member.MemberApplication          :51   [32m                  [0;39m Starting MemberApplication using Java 17.0.5 with PID 67933 (/Users/suyuzhou/project/springboot/train/member/target/classes started by suyuzhou in /Users/suyuzhou/project/springboot/train)
2023-09-16 14:48:25.782 INFO  com.jiawa.train.member.MemberApplication          :630  [32m                  [0;39m No active profile set, falling back to 1 default profile: "default"
2023-09-16 14:48:25.801 INFO  o.s.b.d.env.DevToolsPropertyDefaultsPostProcessor :250  [32m                  [0;39m Devtools property defaults active! Set 'spring.devtools.add-properties' to 'false' to disable
2023-09-16 14:48:25.801 INFO  o.s.b.d.env.DevToolsPropertyDefaultsPostProcessor :250  [32m                  [0;39m For additional web related logging consider setting the 'logging.level.web' property to 'DEBUG'
2023-09-16 14:48:26.113 INFO  o.springframework.cloud.context.scope.GenericScope:282  [32m                  [0;39m BeanFactory id=f4f35b55-1c2f-373c-83b0-0b94371e8984
2023-09-16 14:48:26.410 INFO  o.s.boot.web.embedded.tomcat.TomcatWebServer      :114  [32m                  [0;39m Tomcat initialized with port(s): 8001 (http)
2023-09-16 14:48:26.414 INFO  org.apache.coyote.http11.Http11NioProtocol        :173  [32m                  [0;39m Initializing ProtocolHandler ["http-nio-8001"]
2023-09-16 14:48:26.414 INFO  org.apache.catalina.core.StandardService          :173  [32m                  [0;39m Starting service [Tomcat]
2023-09-16 14:48:26.414 INFO  org.apache.catalina.core.StandardEngine           :173  [32m                  [0;39m Starting Servlet engine: [Apache Tomcat/10.1.1]
2023-09-16 14:48:26.439 INFO  o.a.c.c.C.[Tomcat].[localhost].[/member]          :173  [32m                  [0;39m Initializing Spring embedded WebApplicationContext
2023-09-16 14:48:26.439 INFO  o.s.b.w.s.c.ServletWebServerApplicationContext    :291  [32m                  [0;39m Root WebApplicationContext: initialization completed in 637 ms
2023-09-16 14:48:27.001 WARN  o.s.core.LocalVariableTableParameterNameDiscoverer:123  [32m                  [0;39m Using deprecated '-debug' fallback for parameter name resolution. Compile the affected code with '-parameters' instead or avoid its introspection: com.github.pagehelper.autoconfigure.PageHelperStandardProperties
2023-09-16 14:48:27.100 WARN  o.s.b.d.autoconfigure.OptionalLiveReloadServer    :62   [32m                  [0;39m Unable to start LiveReload server
2023-09-16 14:48:27.152 INFO  org.apache.coyote.http11.Http11NioProtocol        :173  [32m                  [0;39m Starting ProtocolHandler ["http-nio-8001"]
2023-09-16 14:48:27.167 INFO  o.s.boot.web.embedded.tomcat.TomcatWebServer      :226  [32m                  [0;39m Tomcat started on port(s): 8001 (http) with context path '/member'
2023-09-16 14:48:27.179 INFO  com.jiawa.train.member.MemberApplication          :57   [32m                  [0;39m Started MemberApplication in 1.704 seconds (process running for 2.19)
2023-09-16 14:48:27.181 INFO  com.jiawa.train.member.MemberApplication          :19   [32m                  [0;39m 启动成功！！
2023-09-16 14:48:27.182 INFO  com.jiawa.train.member.MemberApplication          :20   [32m                  [0;39m 测试地址: 	http://127.0.0.1:8001/member/hello
2023-09-16 14:48:29.844 INFO  o.a.c.c.C.[Tomcat].[localhost].[/member]          :173  [32m                  [0;39m Initializing Spring DispatcherServlet 'dispatcherServlet'
2023-09-16 14:48:29.847 INFO  org.springframework.web.servlet.DispatcherServlet :525  [32m                  [0;39m Initializing Servlet 'dispatcherServlet'
2023-09-16 14:48:29.848 INFO  org.springframework.web.servlet.DispatcherServlet :547  [32m                  [0;39m Completed initialization in 1 ms
2023-09-16 14:50:48.765 INFO  org.hibernate.validator.internal.util.Version     :21   [32m                  [0;39m HV000001: Hibernate Validator 8.0.0.Final
2023-09-16 14:50:48.783 INFO  com.jiawa.train.member.MemberApplication          :51   [32m                  [0;39m Starting MemberApplication using Java 17.0.5 with PID 67958 (/Users/suyuzhou/project/springboot/train/member/target/classes started by suyuzhou in /Users/suyuzhou/project/springboot/train)
2023-09-16 14:50:48.783 INFO  com.jiawa.train.member.MemberApplication          :630  [32m                  [0;39m No active profile set, falling back to 1 default profile: "default"
2023-09-16 14:50:48.802 INFO  o.s.b.d.env.DevToolsPropertyDefaultsPostProcessor :250  [32m                  [0;39m Devtools property defaults active! Set 'spring.devtools.add-properties' to 'false' to disable
2023-09-16 14:50:48.802 INFO  o.s.b.d.env.DevToolsPropertyDefaultsPostProcessor :250  [32m                  [0;39m For additional web related logging consider setting the 'logging.level.web' property to 'DEBUG'
2023-09-16 14:50:49.138 INFO  o.springframework.cloud.context.scope.GenericScope:282  [32m                  [0;39m BeanFactory id=55bb3e66-9767-364b-91d9-216c68d0097d
2023-09-16 14:50:49.558 INFO  o.s.boot.web.embedded.tomcat.TomcatWebServer      :114  [32m                  [0;39m Tomcat initialized with port(s): 8001 (http)
2023-09-16 14:50:49.562 INFO  org.apache.coyote.http11.Http11NioProtocol        :173  [32m                  [0;39m Initializing ProtocolHandler ["http-nio-8001"]
2023-09-16 14:50:49.562 INFO  org.apache.catalina.core.StandardService          :173  [32m                  [0;39m Starting service [Tomcat]
2023-09-16 14:50:49.562 INFO  org.apache.catalina.core.StandardEngine           :173  [32m                  [0;39m Starting Servlet engine: [Apache Tomcat/10.1.1]
2023-09-16 14:50:49.589 INFO  o.a.c.c.C.[Tomcat].[localhost].[/member]          :173  [32m                  [0;39m Initializing Spring embedded WebApplicationContext
2023-09-16 14:50:49.590 INFO  o.s.b.w.s.c.ServletWebServerApplicationContext    :291  [32m                  [0;39m Root WebApplicationContext: initialization completed in 788 ms
2023-09-16 14:50:49.926 WARN  o.s.core.LocalVariableTableParameterNameDiscoverer:123  [32m                  [0;39m Using deprecated '-debug' fallback for parameter name resolution. Compile the affected code with '-parameters' instead or avoid its introspection: com.github.pagehelper.autoconfigure.PageHelperStandardProperties
2023-09-16 14:50:50.000 WARN  o.s.b.d.autoconfigure.OptionalLiveReloadServer    :62   [32m                  [0;39m Unable to start LiveReload server
2023-09-16 14:50:50.030 INFO  org.apache.coyote.http11.Http11NioProtocol        :173  [32m                  [0;39m Starting ProtocolHandler ["http-nio-8001"]
2023-09-16 14:50:50.037 INFO  o.s.boot.web.embedded.tomcat.TomcatWebServer      :226  [32m                  [0;39m Tomcat started on port(s): 8001 (http) with context path '/member'
2023-09-16 14:50:50.044 INFO  com.jiawa.train.member.MemberApplication          :57   [32m                  [0;39m Started MemberApplication in 1.496 seconds (process running for 1.979)
2023-09-16 14:50:50.045 INFO  com.jiawa.train.member.MemberApplication          :19   [32m                  [0;39m 启动成功！！
2023-09-16 14:50:50.046 INFO  com.jiawa.train.member.MemberApplication          :20   [32m                  [0;39m 测试地址: 	http://127.0.0.1:8001/member/hello
2023-09-16 14:50:57.541 INFO  o.a.c.c.C.[Tomcat].[localhost].[/member]          :173  [32m                  [0;39m Initializing Spring DispatcherServlet 'dispatcherServlet'
2023-09-16 14:50:57.541 INFO  org.springframework.web.servlet.DispatcherServlet :525  [32m                  [0;39m Initializing Servlet 'dispatcherServlet'
2023-09-16 14:50:57.542 INFO  org.springframework.web.servlet.DispatcherServlet :547  [32m                  [0;39m Completed initialization in 1 ms
2023-09-16 14:50:57.594 INFO  com.jiawa.train.common.aspect.LogAspect           :48   [32m1694847057558uvj  [0;39m ------------- 开始 -------------
2023-09-16 14:50:57.594 INFO  com.jiawa.train.common.aspect.LogAspect           :49   [32m1694847057558uvj  [0;39m 请求地址: http://127.0.0.1:8001/member/hello GET
2023-09-16 14:50:57.599 INFO  com.jiawa.train.common.aspect.LogAspect           :50   [32m1694847057558uvj  [0;39m 类名方法: com.jiawa.train.member.controller.TestController.hello
2023-09-16 14:50:57.604 INFO  com.jiawa.train.common.aspect.LogAspect           :51   [32m1694847057558uvj  [0;39m 远程地址: 127.0.0.1
2023-09-16 14:50:57.661 INFO  com.jiawa.train.common.aspect.LogAspect           :72   [32m1694847057558uvj  [0;39m 请求参数: []
2023-09-16 14:50:57.664 INFO  com.jiawa.train.common.aspect.LogAspect           :84   [32m1694847057558uvj  [0;39m 返回结果: "Hello World!"
2023-09-16 14:50:57.665 INFO  com.jiawa.train.common.aspect.LogAspect           :85   [32m1694847057558uvj  [0;39m ------------- 结束 耗时：72 ms -------------
